
=== Tue Jan  8 12:06:29 2019

Packages were changed.
Update Mode: updateDependencies

The following packages were added:
  com.unity.collab-proxy@1.2.15
The following packages were updated:
  com.unity.ads from version 2.0.8 to 2.3.1
  com.unity.analytics from version 2.0.16 to 3.2.2
  com.unity.package-manager-ui from version 1.9.11 to 2.0.3
The following packages were removed:
  com.unity.standardevents@1.0.13

=== Wed Mar 20 11:28:11 2019

Packages were changed.
Update Mode: updateDependencies

The following packages were updated:
  com.unity.package-manager-ui from version 2.0.3 to 2.0.7

=== Mon Jun 24 11:49:28 2019

Packages were changed.
Update Mode: updateDependencies

The following packages were added:
  com.unity.timeline@1.0.0
  com.unity.multiplayer-hlapi@1.0.2
  com.unity.xr.legacyinputhelpers@2.0.2
The following packages were updated:
  com.unity.analytics from version 3.2.2 to 3.3.2
  com.unity.collab-proxy from version 1.2.15 to 1.2.16
  com.unity.package-manager-ui from version 2.0.7 to 2.1.2
  com.unity.postprocessing from version 2.1.2 to 2.1.4
  com.unity.purchasing from version 2.0.3 to 2.0.6
  com.unity.textmeshpro from version 1.3.0 to 2.0.1

=== Mon Jun 24 17:14:18 2019

Packages were changed.
Update Mode: updateDependencies

The following packages were added:
  com.unity.2d.tilemap@1.0.0
  com.unity.ext.nunit@1.0.0
  com.unity.test-framework@1.0.13
  com.unity.2d.sprite@1.0.0
  com.unity.ide.vscode@1.0.7
  com.unity.ide.visualstudio@1.0.11
  com.unity.ide.rider@1.0.8
  com.unity.ugui@1.0.0
  com.unity.modules.androidjni@1.0.0
The following packages were updated:
  com.unity.timeline from version 1.0.0 to 1.1.0
The following packages were removed:
  com.unity.package-manager-ui@2.1.2

=== Wed Aug 14 12:26:33 2019

Packages were changed.
Update Mode: updateDependencies

The following packages were updated:
  com.unity.multiplayer-hlapi from version 1.0.2 to 1.0.4
  com.unity.test-framework from version 1.0.13 to 1.0.17
  com.unity.xr.legacyinputhelpers from version 2.0.2 to 2.0.4

=== Tue Oct 29 15:33:39 2019

Packages were changed.
Update Mode: updateDependencies

The following packages were updated:
  com.unity.ide.rider from version 1.0.8 to 1.1.0
  com.unity.ide.vscode from version 1.0.7 to 1.1.2
  com.unity.test-framework from version 1.0.17 to 1.1.3
  com.unity.timeline from version 1.1.0 to 1.2.4

=== Wed Dec 11 16:46:12 2019

Packages were changed.
Update Mode: updateDependencies

The following packages were updated:
  com.unity.ide.vscode from version 1.1.2 to 1.1.3
  com.unity.postprocessing from version 2.1.4 to 2.2.1
  com.unity.probuilder from version 4.0.5 to 4.1.0
  com.unity.timeline from version 1.1.0 to 1.2.6

=== Mon Dec 16 11:17:50 2019

Packages were changed.
Update Mode: updateDependencies

The following packages were updated:
  com.unity.ide.rider from version 1.1.0 to 1.1.4
  com.unity.postprocessing from version 2.2.1 to 2.2.2

=== Thu Apr 15 16:59:57 2021

Packages were changed.
Update Mode: updateDependencies

The following packages were updated:
  com.unity.addressables from version 1.5.0 to 1.16.10
  com.unity.analytics from version 3.3.2 to 3.3.5
  com.unity.ext.nunit from version 1.0.0 to 1.0.5
  com.unity.ide.vscode from version 1.1.3 to 1.2.3
  com.unity.purchasing from version 2.0.6 to 2.1.1
  com.unity.test-framework from version 1.1.3 to 1.1.19
  com.unity.timeline from version 1.1.0 to 1.2.6
  com.unity.xr.legacyinputhelpers from version 2.0.4 to 2.1.6
